2014-12-10 16:17:55+0800 [scrapy] INFO: Scrapy 0.24.4 started (bot: zhihu)
2014-12-10 16:17:55+0800 [scrapy] INFO: Optional features available: ssl, http11
2014-12-10 16:17:55+0800 [scrapy] INFO: Overridden settings: {'NEWSPIDER_MODULE': 'zhihu.spiders', 'SPIDER_MODULES': ['zhihu.spiders'], 'LOG_FILE': 'zhihu_user.log', 'BOT_NAME': 'zhihu'}
2014-12-10 16:17:55+0800 [scrapy] INFO: Enabled extensions: LogStats, TelnetConsole, CloseSpider, WebService, CoreStats, SpiderState
2014-12-10 16:17:55+0800 [scrapy] INFO: Enabled downloader middlewares: HttpAuthMiddleware, DownloadTimeoutMiddleware, UserAgentMiddleware, RetryMiddleware, DefaultHeadersMiddleware, MetaRefreshMiddleware, HttpCompressionMiddleware, RedirectMiddleware, CookiesMiddleware, ChunkedTransferMiddleware, DownloaderStats
2014-12-10 16:17:55+0800 [scrapy] INFO: Enabled spider middlewares: HttpErrorMiddleware, OffsiteMiddleware, RefererMiddleware, UrlLengthMiddleware, DepthMiddleware
2014-12-10 16:17:55+0800 [scrapy] INFO: Enabled item pipelines: 
2014-12-10 16:17:55+0800 [zhihu_user] INFO: Spider opened
2014-12-10 16:17:55+0800 [zhihu_user] INFO: Crawled 0 pages (at 0 pages/min), scraped 0 items (at 0 items/min)
2014-12-10 16:17:55+0800 [scrapy] DEBUG: Telnet console listening on 127.0.0.1:6033
2014-12-10 16:17:55+0800 [scrapy] DEBUG: Web service listening on 127.0.0.1:6090
2014-12-10 16:17:55+0800 [zhihu_user] DEBUG: Redirecting (302) to <GET http://www.zhihu.com/> from <POST http://www.zhihu.com/login>
2014-12-10 16:17:59+0800 [zhihu_user] DEBUG: Crawled (200) <GET http://www.zhihu.com/> (referer: None)
2014-12-10 16:17:59+0800 [zhihu_user] DEBUG: Crawled (200) <GET http://www.zhihu.com/lookup/people> (referer: http://www.zhihu.com/)
2014-12-10 16:17:59+0800 [zhihu_user] DEBUG: Crawled (200) <GET http://www.zhihu.com/lookup/class/> (referer: http://www.zhihu.com/lookup/people)
2014-12-10 16:17:59+0800 [zhihu_user] DEBUG: Filtered duplicate request: <GET http://www.zhihu.com/lookup/class/> - no more duplicates will be shown (see DUPEFILTER_DEBUG to show all duplicates)
2014-12-10 16:18:00+0800 [zhihu_user] DEBUG: Crawled (200) <GET http://www.zhihu.com/lookup/class/19555457> (referer: http://www.zhihu.com/lookup/class/)
2014-12-10 16:18:00+0800 [zhihu_user] DEBUG: Crawled (200) <GET http://www.zhihu.com/lookup/class/19554827> (referer: http://www.zhihu.com/lookup/class/)
2014-12-10 16:18:00+0800 [zhihu_user] DEBUG: Crawled (200) <GET http://www.zhihu.com/lookup/class/19550994> (referer: http://www.zhihu.com/lookup/class/)
2014-12-10 16:18:00+0800 [zhihu_user] DEBUG: Crawled (200) <GET http://www.zhihu.com/lookup/class/19551557> (referer: http://www.zhihu.com/lookup/class/)
2014-12-10 16:18:00+0800 [zhihu_user] DEBUG: Crawled (200) <GET http://www.zhihu.com/lookup/class/19556664> (referer: http://www.zhihu.com/lookup/class/)
2014-12-10 16:18:00+0800 [zhihu_user] DEBUG: Crawled (200) <GET http://www.zhihu.com/lookup/class/19556950> (referer: http://www.zhihu.com/lookup/class/)
2014-12-10 16:18:00+0800 [zhihu_user] DEBUG: Crawled (200) <GET http://www.zhihu.com/lookup/class/19575492> (referer: http://www.zhihu.com/lookup/class/)
2014-12-10 16:18:00+0800 [zhihu_user] DEBUG: Crawled (200) <GET http://www.zhihu.com/lookup/class/19550937> (referer: http://www.zhihu.com/lookup/class/)
2014-12-10 16:18:00+0800 [zhihu_user] DEBUG: Crawled (200) <GET http://www.zhihu.com/lookup/class/19562906> (referer: http://www.zhihu.com/lookup/class/)
2014-12-10 16:18:00+0800 [zhihu_user] DEBUG: Crawled (200) <GET http://www.zhihu.com/lookup/class/19560170> (referer: http://www.zhihu.com/lookup/class/)
2014-12-10 16:18:00+0800 [zhihu_user] DEBUG: Crawled (200) <GET http://www.zhihu.com/lookup/class/19559052> (referer: http://www.zhihu.com/lookup/class/)
2014-12-10 16:18:00+0800 [zhihu_user] DEBUG: Crawled (200) <GET http://www.zhihu.com/lookup/class/19550517> (referer: http://www.zhihu.com/lookup/class/)
2014-12-10 16:18:00+0800 [zhihu_user] DEBUG: Crawled (200) <GET http://www.zhihu.com/lookup/class/19552706> (referer: http://www.zhihu.com/lookup/class/)
2014-12-10 16:18:01+0800 [zhihu_user] DEBUG: Crawled (200) <GET http://www.zhihu.com/lookup/people> (referer: http://www.zhihu.com/lookup/people)
2014-12-10 16:18:01+0800 [zhihu_user] DEBUG: Crawled (200) <GET http://www.zhihu.com/lookup/class/19550560> (referer: http://www.zhihu.com/lookup/class/)
2014-12-10 16:18:01+0800 [zhihu_user] DEBUG: Crawled (200) <GET http://www.zhihu.com/lookup/class/19562832> (referer: http://www.zhihu.com/lookup/class/)
2014-12-10 16:18:01+0800 [zhihu_user] DEBUG: Crawled (200) <GET http://www.zhihu.com/people/mj1997/about> (referer: http://www.zhihu.com/lookup/class/19555457)
2014-12-10 16:18:01+0800 [zhihu_user] DEBUG: Crawled (200) <GET http://www.zhihu.com/lookup/class/19551147> (referer: http://www.zhihu.com/lookup/class/)
2014-12-10 16:18:01+0800 [zhihu_user] DEBUG: Crawled (200) <GET http://www.zhihu.com/people/imike/about> (referer: http://www.zhihu.com/lookup/class/19550994)
2014-12-10 16:18:01+0800 [zhihu_user] DEBUG: Crawled (200) <GET http://www.zhihu.com/people/william_wu/about> (referer: http://www.zhihu.com/lookup/class/19556664)
2014-12-10 16:18:01+0800 [zhihu_user] DEBUG: Crawled (200) <GET http://www.zhihu.com/people/rethink/about> (referer: http://www.zhihu.com/lookup/class/19556950)
2014-12-10 16:18:01+0800 [zhihu_user] DEBUG: Crawled (200) <GET http://www.zhihu.com/people/metapanda/about> (referer: http://www.zhihu.com/lookup/class/19556950)
2014-12-10 16:18:01+0800 [zhihu_user] DEBUG: Crawled (200) <GET http://www.zhihu.com/people/jjying/about> (referer: http://www.zhihu.com/lookup/class/19551557)
2014-12-10 16:18:01+0800 [zhihu_user] DEBUG: Crawled (200) <GET http://www.zhihu.com/people/andrewsun/about> (referer: http://www.zhihu.com/lookup/class/19556950)
2014-12-10 16:18:01+0800 [zhihu_user] DEBUG: Crawled (200) <GET http://www.zhihu.com/people/lin-yong-24/about> (referer: http://www.zhihu.com/lookup/class/19554827)
2014-12-10 16:18:02+0800 [zhihu_user] DEBUG: Crawled (200) <GET http://www.zhihu.com/people/miao-wei/about> (referer: http://www.zhihu.com/lookup/people)
2014-12-10 16:18:02+0800 [zhihu_user] DEBUG: Crawled (200) <GET http://www.zhihu.com/people/Dabbler/about> (referer: http://www.zhihu.com/lookup/class/19562832)
2014-12-10 16:18:02+0800 [zhihu_user] DEBUG: Crawled (200) <GET http://www.zhihu.com/people/yjjart/about> (referer: http://www.zhihu.com/lookup/class/19562906)
2014-12-10 16:18:02+0800 [zhihu_user] DEBUG: Crawled (200) <GET http://www.zhihu.com/people/Evi1m0/about> (referer: http://www.zhihu.com/lookup/class/19550517)
2014-12-10 16:18:02+0800 [zhihu_user] DEBUG: Crawled (200) <GET http://www.zhihu.com/people/chu-yang-51-32/about> (referer: http://www.zhihu.com/lookup/class/19550937)
2014-12-10 16:18:02+0800 [zhihu_user] DEBUG: Crawled (200) <GET http://www.zhihu.com/people/ji-yi-chao/about> (referer: http://www.zhihu.com/lookup/class/19550560)
2014-12-10 16:18:02+0800 [zhihu_user] DEBUG: Crawled (200) <GET http://www.zhihu.com/people/zhang-xiao-chong/about> (referer: http://www.zhihu.com/lookup/class/19550517)
2014-12-10 16:18:03+0800 [zhihu_user] DEBUG: Crawled (200) <GET http://www.zhihu.com/people/chibaole/about> (referer: http://www.zhihu.com/lookup/class/19551147)
2014-12-10 16:18:03+0800 [zhihu_user] DEBUG: Crawled (200) <GET http://www.zhihu.com/people/ariza/about> (referer: http://www.zhihu.com/lookup/class/19562832)
2014-12-10 16:18:03+0800 [zhihu_user] DEBUG: Crawled (200) <GET http://www.zhihu.com/people/momoxie/about> (referer: http://www.zhihu.com/lookup/class/19551147)
2014-12-10 16:18:03+0800 [zhihu_user] DEBUG: Crawled (200) <GET http://www.zhihu.com/people/linkunyi/about> (referer: http://www.zhihu.com/lookup/class/19562832)
2014-12-10 16:18:03+0800 [zhihu_user] DEBUG: Crawled (200) <GET http://www.zhihu.com/people/elyn/about> (referer: http://www.zhihu.com/lookup/class/19551147)
2014-12-10 16:18:03+0800 [zhihu_user] DEBUG: Crawled (200) <GET http://www.zhihu.com/people/xiepanda/about> (referer: http://www.zhihu.com/lookup/class/19551147)
2014-12-10 16:18:03+0800 [zhihu_user] DEBUG: Crawled (200) <GET http://www.zhihu.com/people/busch/about> (referer: http://www.zhihu.com/lookup/class/19560170)
2014-12-10 16:18:03+0800 [zhihu_user] DEBUG: Crawled (200) <GET http://www.zhihu.com/people/rosicky311/about> (referer: http://www.zhihu.com/lookup/class/19550560)
2014-12-10 16:18:03+0800 [zhihu_user] DEBUG: Crawled (200) <GET http://www.zhihu.com/people/he-ming-han/about> (referer: http://www.zhihu.com/lookup/class/19562832)
2014-12-10 16:18:04+0800 [zhihu_user] DEBUG: Crawled (200) <GET http://www.zhihu.com/people/gao-ke-69/about> (referer: http://www.zhihu.com/lookup/class/19551147)
2014-12-10 16:18:04+0800 [zhihu_user] DEBUG: Crawled (200) <GET http://www.zhihu.com/people/xiaozhenliu/about> (referer: http://www.zhihu.com/lookup/class/19551147)
2014-12-10 16:18:04+0800 [zhihu_user] DEBUG: Crawled (200) <GET http://www.zhihu.com/people/guo-jia-22/about> (referer: http://www.zhihu.com/lookup/class/19562832)
2014-12-10 16:18:04+0800 [zhihu_user] DEBUG: Crawled (200) <GET http://www.zhihu.com/people/tian/about> (referer: http://www.zhihu.com/lookup/class/19550560)
2014-12-10 16:18:04+0800 [zhihu_user] DEBUG: Crawled (200) <GET http://www.zhihu.com/people/zhang-zhihao/about> (referer: http://www.zhihu.com/lookup/people)
2014-12-10 16:18:04+0800 [zhihu_user] DEBUG: Crawled (200) <GET http://www.zhihu.com/people/baiya/about> (referer: http://www.zhihu.com/lookup/people)
2014-12-10 16:18:04+0800 [zhihu_user] DEBUG: Crawled (200) <GET http://www.zhihu.com/people/magie/about> (referer: http://www.zhihu.com/lookup/class/19551147)
2014-12-10 16:18:04+0800 [zhihu_user] DEBUG: Crawled (200) <GET http://www.zhihu.com/people/chengyuan/about> (referer: http://www.zhihu.com/lookup/people)
2014-12-10 16:18:05+0800 [zhihu_user] DEBUG: Crawled (200) <GET http://www.zhihu.com/people/yangbo/about> (referer: http://www.zhihu.com/lookup/people)
2014-12-10 16:18:05+0800 [zhihu_user] DEBUG: Crawled (200) <GET http://www.zhihu.com/people/lianghuan/about> (referer: http://www.zhihu.com/lookup/people)
2014-12-10 16:18:05+0800 [zhihu_user] DEBUG: Crawled (200) <GET http://www.zhihu.com/people/yolfilm/about> (referer: http://www.zhihu.com/lookup/people)
2014-12-10 16:18:05+0800 [zhihu_user] DEBUG: Crawled (200) <GET http://www.zhihu.com/people/lubaiwan/about> (referer: http://www.zhihu.com/lookup/people)
2014-12-10 16:18:05+0800 [zhihu_user] DEBUG: Crawled (200) <GET http://www.zhihu.com/people/____/about> (referer: http://www.zhihu.com/lookup/class/19550517)
2014-12-10 16:18:05+0800 [zhihu_user] DEBUG: Crawled (200) <GET http://www.zhihu.com/people/calliope/about> (referer: http://www.zhihu.com/lookup/people)
2014-12-10 16:18:05+0800 [zhihu_user] DEBUG: Crawled (200) <GET http://www.zhihu.com/people/amuro1230/about> (referer: http://www.zhihu.com/lookup/people)
2014-12-10 16:18:05+0800 [zhihu_user] DEBUG: Crawled (200) <GET http://www.zhihu.com/people/dongdongqiang/about> (referer: http://www.zhihu.com/lookup/people)
2014-12-10 16:18:05+0800 [zhihu_user] DEBUG: Crawled (200) <GET http://www.zhihu.com/people/evilcos/about> (referer: http://www.zhihu.com/lookup/class/19550517)
2014-12-10 16:18:05+0800 [zhihu_user] DEBUG: Crawled (200) <GET http://www.zhihu.com/people/benjamin/about> (referer: http://www.zhihu.com/lookup/people)
2014-12-10 16:18:05+0800 [zhihu_user] DEBUG: Crawled (200) <GET http://www.zhihu.com/people/magasa/about> (referer: http://www.zhihu.com/lookup/people)
2014-12-10 16:18:05+0800 [zhihu_user] DEBUG: Crawled (200) <GET http://www.zhihu.com/people/raymond-wang/about> (referer: http://www.zhihu.com/lookup/people)
2014-12-10 16:18:05+0800 [zhihu_user] DEBUG: Crawled (200) <GET http://www.zhihu.com/people/lutongwang/about> (referer: http://www.zhihu.com/lookup/class/19550517)
2014-12-10 16:18:05+0800 [zhihu_user] DEBUG: Crawled (200) <GET http://www.zhihu.com/people/lao-xiao-nie/about> (referer: http://www.zhihu.com/lookup/class/19550517)
2014-12-10 16:18:06+0800 [zhihu_user] DEBUG: Crawled (200) <GET http://www.zhihu.com/people/awguo/about> (referer: http://www.zhihu.com/lookup/class/19550517)
2014-12-10 16:18:06+0800 [zhihu_user] DEBUG: Crawled (200) <GET http://www.zhihu.com/people/flily/about> (referer: http://www.zhihu.com/lookup/class/19550517)
2014-12-10 16:18:06+0800 [zhihu_user] DEBUG: Crawled (200) <GET http://www.zhihu.com/people/tristanchen/about> (referer: http://www.zhihu.com/lookup/class/19559052)
2014-12-10 16:18:06+0800 [zhihu_user] DEBUG: Crawled (200) <GET http://www.zhihu.com/people/lovefcb/about> (referer: http://www.zhihu.com/lookup/class/19559052)
2014-12-10 16:18:06+0800 [zhihu_user] DEBUG: Crawled (200) <GET http://www.zhihu.com/people/panxin/about> (referer: http://www.zhihu.com/lookup/class/19559052)
2014-12-10 16:18:06+0800 [zhihu_user] DEBUG: Crawled (200) <GET http://www.zhihu.com/people/onwardbop/about> (referer: http://www.zhihu.com/lookup/class/19559052)
2014-12-10 16:18:06+0800 [zhihu_user] DEBUG: Crawled (200) <GET http://www.zhihu.com/people/chen-hao-yu/about> (referer: http://www.zhihu.com/lookup/class/19559052)
2014-12-10 16:18:06+0800 [zhihu_user] DEBUG: Crawled (200) <GET http://www.zhihu.com/people/catchen/about> (referer: http://www.zhihu.com/lookup/class/19550517)
2014-12-10 16:18:06+0800 [zhihu_user] DEBUG: Crawled (200) <GET http://www.zhihu.com/people/198Q/about> (referer: http://www.zhihu.com/lookup/class/19559052)
2014-12-10 16:18:06+0800 [zhihu_user] DEBUG: Crawled (200) <GET http://www.zhihu.com/people/aullik5/about> (referer: http://www.zhihu.com/lookup/class/19550517)
2014-12-10 16:18:06+0800 [zhihu_user] DEBUG: Crawled (200) <GET http://www.zhihu.com/people/zcw-gaizhili/about> (referer: http://www.zhihu.com/lookup/class/19560170)
2014-12-10 16:18:07+0800 [zhihu_user] DEBUG: Crawled (200) <GET http://www.zhihu.com/people/ctlzhl/about> (referer: http://www.zhihu.com/lookup/class/19559052)
2014-12-10 16:18:07+0800 [zhihu_user] DEBUG: Crawled (200) <GET http://www.zhihu.com/people/tai-luo-taro/about> (referer: http://www.zhihu.com/lookup/class/19550517)
2014-12-10 16:18:07+0800 [zhihu_user] DEBUG: Crawled (200) <GET http://www.zhihu.com/people/rong-jian-xin/about> (referer: http://www.zhihu.com/lookup/class/19560170)
2014-12-10 16:18:07+0800 [zhihu_user] DEBUG: Crawled (200) <GET http://www.zhihu.com/people/patrickluo/about> (referer: http://www.zhihu.com/lookup/class/19560170)
2014-12-10 16:18:07+0800 [zhihu_user] DEBUG: Crawled (200) <GET http://www.zhihu.com/people/Chosen_Shih/about> (referer: http://www.zhihu.com/lookup/class/19560170)
2014-12-10 16:18:07+0800 [zhihu_user] DEBUG: Crawled (200) <GET http://www.zhihu.com/people/baleine/about> (referer: http://www.zhihu.com/lookup/class/19550517)
2014-12-10 16:18:07+0800 [zhihu_user] DEBUG: Crawled (200) <GET http://www.zhihu.com/people/chenqin/about> (referer: http://www.zhihu.com/lookup/class/19560170)
2014-12-10 16:18:07+0800 [zhihu_user] DEBUG: Crawled (200) <GET http://www.zhihu.com/people/wang-yi-rui-57/about> (referer: http://www.zhihu.com/lookup/class/19550937)
2014-12-10 16:18:07+0800 [zhihu_user] DEBUG: Crawled (200) <GET http://www.zhihu.com/people/feng-han/about> (referer: http://www.zhihu.com/lookup/class/19560170)
2014-12-10 16:18:07+0800 [zhihu_user] DEBUG: Crawled (200) <GET http://www.zhihu.com/people/sijichun/about> (referer: http://www.zhihu.com/lookup/class/19560170)
2014-12-10 16:18:08+0800 [zhihu_user] DEBUG: Crawled (200) <GET http://www.zhihu.com/people/dong-ji-zai-hang-zhou/about> (referer: http://www.zhihu.com/lookup/class/19550937)
2014-12-10 16:18:08+0800 [zhihu_user] DEBUG: Crawled (200) <GET http://www.zhihu.com/people/chenghan/about> (referer: http://www.zhihu.com/lookup/class/19559052)
2014-12-10 16:18:08+0800 [zhihu_user] DEBUG: Crawled (200) <GET http://www.zhihu.com/people/miao-li-42/about> (referer: http://www.zhihu.com/lookup/class/19550937)
2014-12-10 16:18:08+0800 [zhihu_user] DEBUG: Crawled (200) <GET http://www.zhihu.com/people/ou-yang-hong/about> (referer: http://www.zhihu.com/lookup/class/19550937)
2014-12-10 16:18:08+0800 [zhihu_user] DEBUG: Crawled (200) <GET http://www.zhihu.com/people/tian-ji-shun/about> (referer: http://www.zhihu.com/lookup/class/19550937)
2014-12-10 16:18:08+0800 [zhihu_user] DEBUG: Crawled (200) <GET http://www.zhihu.com/people/xu-wei-neng/about> (referer: http://www.zhihu.com/lookup/class/19560170)
2014-12-10 16:18:08+0800 [zhihu_user] DEBUG: Crawled (200) <GET http://www.zhihu.com/people/rui-yuan-yi/about> (referer: http://www.zhihu.com/lookup/class/19550937)
2014-12-10 16:18:08+0800 [zhihu_user] DEBUG: Crawled (200) <GET http://www.zhihu.com/people/chenbailing/about> (referer: http://www.zhihu.com/lookup/class/19550937)
2014-12-10 16:18:08+0800 [zhihu_user] DEBUG: Crawled (200) <GET http://www.zhihu.com/people/cai-tong/about> (referer: http://www.zhihu.com/lookup/class/19550937)
2014-12-10 16:18:08+0800 [zhihu_user] DEBUG: Crawled (200) <GET http://www.zhihu.com/people/nocturn/about> (referer: http://www.zhihu.com/lookup/class/19550937)
2014-12-10 16:18:08+0800 [zhihu_user] DEBUG: Crawled (200) <GET http://www.zhihu.com/people/ding-ruo-shui/about> (referer: http://www.zhihu.com/lookup/class/19575492)
2014-12-10 16:18:08+0800 [zhihu_user] DEBUG: Crawled (200) <GET http://www.zhihu.com/people/da-chang-gan-jun/about> (referer: http://www.zhihu.com/lookup/class/19575492)
2014-12-10 16:18:09+0800 [zhihu_user] DEBUG: Crawled (200) <GET http://www.zhihu.com/people/talich/about> (referer: http://www.zhihu.com/lookup/class/19575492)
2014-12-10 16:18:09+0800 [zhihu_user] DEBUG: Crawled (200) <GET http://www.zhihu.com/people/zombie/about> (referer: http://www.zhihu.com/lookup/class/19556950)
2014-12-10 16:18:09+0800 [zhihu_user] DEBUG: Crawled (200) <GET http://www.zhihu.com/people/hippoh/about> (referer: http://www.zhihu.com/lookup/class/19556950)
2014-12-10 16:18:09+0800 [zhihu_user] DEBUG: Crawled (200) <GET http://www.zhihu.com/people/zhou-jie-47/about> (referer: http://www.zhihu.com/lookup/class/19575492)
2014-12-10 16:18:09+0800 [zhihu_user] DEBUG: Crawled (200) <GET http://www.zhihu.com/people/fuwocheng/about> (referer: http://www.zhihu.com/lookup/class/19556950)
2014-12-10 16:18:09+0800 [zhihu_user] DEBUG: Crawled (200) <GET http://www.zhihu.com/people/yu-san-geng/about> (referer: http://www.zhihu.com/lookup/class/19556664)
2014-12-10 16:18:09+0800 [zhihu_user] DEBUG: Crawled (200) <GET http://www.zhihu.com/people/zhang-xu-86-29/about> (referer: http://www.zhihu.com/lookup/class/19575492)
2014-12-10 16:18:09+0800 [zhihu_user] DEBUG: Crawled (200) <GET http://www.zhihu.com/people/jin-chen-yu/about> (referer: http://www.zhihu.com/lookup/class/19575492)
2014-12-10 16:18:09+0800 [zhihu_user] DEBUG: Crawled (200) <GET http://www.zhihu.com/people/godling/about> (referer: http://www.zhihu.com/lookup/class/19556664)
2014-12-10 16:18:10+0800 [zhihu_user] DEBUG: Crawled (200) <GET http://www.zhihu.com/people/davidc/about> (referer: http://www.zhihu.com/lookup/class/19556664)
2014-12-10 16:18:10+0800 [zhihu_user] DEBUG: Crawled (200) <GET http://www.zhihu.com/people/fu-er/about> (referer: http://www.zhihu.com/lookup/class/19556664)
2014-12-10 16:18:10+0800 [zhihu_user] DEBUG: Crawled (200) <GET http://www.zhihu.com/people/zhongxm/about> (referer: http://www.zhihu.com/lookup/class/19556664)
2014-12-10 16:18:10+0800 [zhihu_user] DEBUG: Crawled (200) <GET http://www.zhihu.com/people/zhouyuan/about> (referer: http://www.zhihu.com/lookup/class/19550517)
2014-12-10 16:18:10+0800 [zhihu_user] DEBUG: Crawled (200) <GET http://www.zhihu.com/people/feng-dong/about> (referer: http://www.zhihu.com/lookup/class/19556664)
2014-12-10 16:18:10+0800 [zhihu_user] DEBUG: Crawled (200) <GET http://www.zhihu.com/people/jing-lei/about> (referer: http://www.zhihu.com/lookup/class/19551557)
2014-12-10 16:18:10+0800 [zhihu_user] DEBUG: Crawled (200) <GET http://www.zhihu.com/people/rexchen/about> (referer: http://www.zhihu.com/lookup/class/19551557)
2014-12-10 16:18:10+0800 [zhihu_user] DEBUG: Crawled (200) <GET http://www.zhihu.com/people/pansz/about> (referer: http://www.zhihu.com/lookup/class/19556664)
2014-12-10 16:18:11+0800 [zhihu_user] DEBUG: Crawled (200) <GET http://www.zhihu.com/people/lawrencelry/about> (referer: http://www.zhihu.com/lookup/class/19551557)
2014-12-10 16:18:11+0800 [zhihu_user] DEBUG: Crawled (200) <GET http://www.zhihu.com/people/Digidea/about> (referer: http://www.zhihu.com/lookup/class/19551557)
2014-12-10 16:18:11+0800 [zhihu_user] DEBUG: Crawled (200) <GET http://www.zhihu.com/people/jixin/about> (referer: http://www.zhihu.com/lookup/class/19556664)
2014-12-10 16:18:11+0800 [zhihu_user] DEBUG: Crawled (200) <GET http://www.zhihu.com/people/disinfeqt/about> (referer: http://www.zhihu.com/lookup/class/19551557)
2014-12-10 16:18:11+0800 [zhihu_user] DEBUG: Crawled (200) <GET http://www.zhihu.com/people/realfish/about> (referer: http://www.zhihu.com/lookup/class/19551557)
2014-12-10 16:18:11+0800 [zhihu_user] DEBUG: Crawled (200) <GET http://www.zhihu.com/people/shek/about> (referer: http://www.zhihu.com/lookup/class/19551557)
2014-12-10 16:18:11+0800 [zhihu_user] DEBUG: Crawled (200) <GET http://www.zhihu.com/people/tlxue/about> (referer: http://www.zhihu.com/lookup/class/19551557)
2014-12-10 16:18:11+0800 [zhihu_user] DEBUG: Crawled (200) <GET http://www.zhihu.com/people/fenng/about> (referer: http://www.zhihu.com/lookup/class/19556664)
2014-12-10 16:18:11+0800 [zhihu_user] DEBUG: Crawled (200) <GET http://www.zhihu.com/people/sunlau/about> (referer: http://www.zhihu.com/lookup/class/19551557)
2014-12-10 16:18:11+0800 [zhihu_user] DEBUG: Crawled (200) <GET http://www.zhihu.com/people/mali/about> (referer: http://www.zhihu.com/lookup/class/19551557)
2014-12-10 16:18:11+0800 [zhihu_user] DEBUG: Crawled (200) <GET http://www.zhihu.com/people/moonmonster/about> (referer: http://www.zhihu.com/lookup/class/19551557)
2014-12-10 16:18:12+0800 [zhihu_user] DEBUG: Crawled (200) <GET http://www.zhihu.com/people/felixpan/about> (referer: http://www.zhihu.com/lookup/class/19550994)
2014-12-10 16:18:12+0800 [zhihu_user] DEBUG: Crawled (200) <GET http://www.zhihu.com/people/xiao-jian-ren-71/about> (referer: http://www.zhihu.com/lookup/class/19550994)
2014-12-10 16:18:12+0800 [zhihu_user] DEBUG: Crawled (200) <GET http://www.zhihu.com/people/imason/about> (referer: http://www.zhihu.com/lookup/class/19550994)
2014-12-10 16:18:12+0800 [zhihu_user] DEBUG: Crawled (200) <GET http://www.zhihu.com/people/hi-id/about> (referer: http://www.zhihu.com/lookup/class/19551557)
2014-12-10 16:18:12+0800 [zhihu_user] DEBUG: Crawled (200) <GET http://www.zhihu.com/people/rio/about> (referer: http://www.zhihu.com/lookup/class/19556664)
2014-12-10 16:18:12+0800 [zhihu_user] DEBUG: Crawled (200) <GET http://www.zhihu.com/people/avatarye/about> (referer: http://www.zhihu.com/lookup/class/19550994)
2014-12-10 16:18:12+0800 [zhihu_user] DEBUG: Crawled (200) <GET http://www.zhihu.com/people/Robert_Struggle/about> (referer: http://www.zhihu.com/lookup/class/19550994)
2014-12-10 16:18:12+0800 [zhihu_user] DEBUG: Crawled (200) <GET http://www.zhihu.com/people/justineo/about> (referer: http://www.zhihu.com/lookup/class/19551557)
2014-12-10 16:18:12+0800 [zhihu_user] DEBUG: Crawled (200) <GET http://www.zhihu.com/people/zhengziyang/about> (referer: http://www.zhihu.com/lookup/class/19551557)
2014-12-10 16:18:12+0800 [zhihu_user] DEBUG: Crawled (200) <GET http://www.zhihu.com/people/edtall/about> (referer: http://www.zhihu.com/lookup/class/19550994)
2014-12-10 16:18:12+0800 [zhihu_user] DEBUG: Crawled (200) <GET http://www.zhihu.com/people/zhang-yang-60/about> (referer: http://www.zhihu.com/lookup/class/19550994)
2014-12-10 16:18:12+0800 [zhihu_user] DEBUG: Crawled (200) <GET http://www.zhihu.com/people/zhengjintiao/about> (referer: http://www.zhihu.com/lookup/class/19550994)
2014-12-10 16:18:12+0800 [zhihu_user] DEBUG: Crawled (200) <GET http://www.zhihu.com/people/dashhuang/about> (referer: http://www.zhihu.com/lookup/class/19550994)
2014-12-10 16:18:13+0800 [zhihu_user] DEBUG: Crawled (200) <GET http://www.zhihu.com/people/kingsoon/about> (referer: http://www.zhihu.com/lookup/class/19554827)
2014-12-10 16:18:13+0800 [zhihu_user] DEBUG: Crawled (200) <GET http://www.zhihu.com/people/felania-liu/about> (referer: http://www.zhihu.com/lookup/class/19550994)
2014-12-10 16:18:13+0800 [zhihu_user] DEBUG: Crawled (200) <GET http://www.zhihu.com/people/commando/about> (referer: http://www.zhihu.com/lookup/class/19550994)
2014-12-10 16:18:13+0800 [zhihu_user] DEBUG: Crawled (200) <GET http://www.zhihu.com/people/meng-de-er/about> (referer: http://www.zhihu.com/lookup/class/19550994)
2014-12-10 16:18:13+0800 [zhihu_user] DEBUG: Crawled (200) <GET http://www.zhihu.com/people/webber/about> (referer: http://www.zhihu.com/lookup/class/19554827)
2014-12-10 16:18:13+0800 [zhihu_user] DEBUG: Crawled (200) <GET http://www.zhihu.com/people/chuyunfan/about> (referer: http://www.zhihu.com/lookup/class/19550994)
2014-12-10 16:18:13+0800 [zhihu_user] DEBUG: Crawled (200) <GET http://www.zhihu.com/people/cao-zheng/about> (referer: http://www.zhihu.com/lookup/class/19550994)
2014-12-10 16:18:13+0800 [zhihu_user] DEBUG: Crawled (200) <GET http://www.zhihu.com/people/bing-deng-xing/about> (referer: http://www.zhihu.com/lookup/class/19554827)
2014-12-10 16:18:13+0800 [zhihu_user] DEBUG: Crawled (200) <GET http://www.zhihu.com/people/windycloud/about> (referer: http://www.zhihu.com/lookup/class/19554827)
2014-12-10 16:18:13+0800 [zhihu_user] DEBUG: Crawled (200) <GET http://www.zhihu.com/people/chsqi/about> (referer: http://www.zhihu.com/lookup/class/19554827)
2014-12-10 16:18:13+0800 [zhihu_user] DEBUG: Crawled (200) <GET http://www.zhihu.com/people/yi-xing-26-40/about> (referer: http://www.zhihu.com/lookup/class/19554827)
2014-12-10 16:18:13+0800 [zhihu_user] DEBUG: Crawled (200) <GET http://www.zhihu.com/people/RainKa/about> (referer: http://www.zhihu.com/lookup/class/19554827)
2014-12-10 16:18:13+0800 [zhihu_user] DEBUG: Crawled (200) <GET http://www.zhihu.com/people/sailor-82-30/about> (referer: http://www.zhihu.com/lookup/class/19554827)
2014-12-10 16:18:13+0800 [zhihu_user] DEBUG: Crawled (200) <GET http://www.zhihu.com/people/beppekong/about> (referer: http://www.zhihu.com/lookup/class/19554827)
2014-12-10 16:18:13+0800 [zhihu_user] DEBUG: Crawled (200) <GET http://www.zhihu.com/people/barbarossa/about> (referer: http://www.zhihu.com/lookup/class/19554827)
2014-12-10 16:18:13+0800 [zhihu_user] DEBUG: Crawled (200) <GET http://www.zhihu.com/people/zhang-jia-wei/about> (referer: http://www.zhihu.com/lookup/class/19554827)
2014-12-10 16:18:14+0800 [zhihu_user] DEBUG: Crawled (200) <GET http://www.zhihu.com/people/li-yang-89/about> (referer: http://www.zhihu.com/lookup/class/19554827)
2014-12-10 16:18:14+0800 [zhihu_user] DEBUG: Crawled (200) <GET http://www.zhihu.com/people/jin-xiao-nan/about> (referer: http://www.zhihu.com/lookup/class/19554827)
2014-12-10 16:18:14+0800 [zhihu_user] DEBUG: Crawled (200) <GET http://www.zhihu.com/people/fan-he-40/about> (referer: http://www.zhihu.com/lookup/class/19554827)
2014-12-10 16:18:14+0800 [zhihu_user] DEBUG: Crawled (200) <GET http://www.zhihu.com/people/xu-hui-lin/about> (referer: http://www.zhihu.com/lookup/class/19555457)
2014-12-10 16:18:14+0800 [zhihu_user] DEBUG: Crawled (200) <GET http://www.zhihu.com/people/gaojihe/about> (referer: http://www.zhihu.com/lookup/class/19555457)
2014-12-10 16:18:14+0800 [zhihu_user] DEBUG: Crawled (200) <GET http://www.zhihu.com/people/zhengguoqiang/about> (referer: http://www.zhihu.com/lookup/class/19555457)
2014-12-10 16:18:14+0800 [zhihu_user] DEBUG: Crawled (200) <GET http://www.zhihu.com/people/wu-hu-17/about> (referer: http://www.zhihu.com/lookup/class/19555457)
2014-12-10 16:18:14+0800 [zhihu_user] DEBUG: Crawled (200) <GET http://www.zhihu.com/people/mohanfly/about> (referer: http://www.zhihu.com/lookup/class/19555457)
2014-12-10 16:18:14+0800 [zhihu_user] DEBUG: Crawled (200) <GET http://www.zhihu.com/people/zhou-xiao-nong/about> (referer: http://www.zhihu.com/lookup/class/19555457)
2014-12-10 16:18:14+0800 [zhihu_user] DEBUG: Crawled (200) <GET http://www.zhihu.com/lookup/class/19591985> (referer: http://www.zhihu.com/lookup/class/)
2014-12-10 16:18:14+0800 [zhihu_user] DEBUG: Crawled (200) <GET http://www.zhihu.com/lookup/class/19555513> (referer: http://www.zhihu.com/lookup/class/)
2014-12-10 16:18:14+0800 [zhihu_user] DEBUG: Crawled (200) <GET http://www.zhihu.com/lookup/class/19551915> (referer: http://www.zhihu.com/lookup/class/)
2014-12-10 16:18:14+0800 [zhihu_user] DEBUG: Crawled (200) <GET http://www.zhihu.com/lookup/class/19550434> (referer: http://www.zhihu.com/lookup/class/)
2014-12-10 16:18:14+0800 [zhihu_user] DEBUG: Crawled (200) <GET http://www.zhihu.com/lookup/class/19553176> (referer: http://www.zhihu.com/lookup/class/)
2014-12-10 16:18:14+0800 [zhihu_user] DEBUG: Crawled (200) <GET http://www.zhihu.com/lookup/class/19552266> (referer: http://www.zhihu.com/lookup/class/)
2014-12-10 16:18:14+0800 [zhihu_user] DEBUG: Crawled (200) <GET http://www.zhihu.com/lookup/class/19551077> (referer: http://www.zhihu.com/lookup/class/)
2014-12-10 16:18:14+0800 [zhihu_user] DEBUG: Crawled (200) <GET http://www.zhihu.com/people/ccat/about> (referer: http://www.zhihu.com/lookup/class/19555457)
2014-12-10 16:18:14+0800 [zhihu_user] DEBUG: Crawled (200) <GET http://www.zhihu.com/lookup/class/19554825> (referer: http://www.zhihu.com/lookup/class/)
2014-12-10 16:18:15+0800 [zhihu_user] DEBUG: Crawled (200) <GET http://www.zhihu.com/lookup/class/19609455> (referer: http://www.zhihu.com/lookup/class/)
2014-12-10 16:18:15+0800 [zhihu_user] DEBUG: Crawled (200) <GET http://www.zhihu.com/lookup/class/19551388> (referer: http://www.zhihu.com/lookup/class/)
2014-12-10 16:18:15+0800 [zhihu_user] DEBUG: Crawled (200) <GET http://www.zhihu.com/lookup/class/19550564> (referer: http://www.zhihu.com/lookup/class/)
2014-12-10 16:18:15+0800 [zhihu_user] DEBUG: Crawled (200) <GET http://www.zhihu.com/lookup/class/19551137> (referer: http://www.zhihu.com/lookup/class/)
2014-12-10 16:18:15+0800 [zhihu_user] DEBUG: Crawled (200) <GET http://www.zhihu.com/lookup/class/19553298> (referer: http://www.zhihu.com/lookup/class/)
2014-12-10 16:18:15+0800 [zhihu_user] DEBUG: Crawled (200) <GET http://www.zhihu.com/lookup/class/19550453> (referer: http://www.zhihu.com/lookup/class/)
2014-12-10 16:18:15+0800 [zhihu_user] DEBUG: Crawled (200) <GET http://www.zhihu.com/lookup/class/19550874> (referer: http://www.zhihu.com/lookup/class/)
2014-12-10 16:18:15+0800 [zhihu_user] DEBUG: Crawled (200) <GET http://www.zhihu.com/lookup/class/19551556> (referer: http://www.zhihu.com/lookup/class/)
2014-12-10 16:18:15+0800 [zhihu_user] DEBUG: Crawled (200) <GET http://www.zhihu.com/people/wu-ming-3-68/about> (referer: http://www.zhihu.com/lookup/class/19555457)
2014-12-10 16:18:15+0800 [zhihu_user] DEBUG: Crawled (200) <GET http://www.zhihu.com/people/forrest/about> (referer: http://www.zhihu.com/lookup/class/19551077)
2014-12-10 16:18:15+0800 [zhihu_user] DEBUG: Crawled (200) <GET http://www.zhihu.com/people/Mumagag/about> (referer: http://www.zhihu.com/lookup/class/19551077)
2014-12-10 16:18:15+0800 [zhihu_user] DEBUG: Crawled (200) <GET http://www.zhihu.com/lookup/class/19550429> (referer: http://www.zhihu.com/lookup/class/)
2014-12-10 16:18:15+0800 [zhihu_user] DEBUG: Crawled (200) <GET http://www.zhihu.com/people/bai-jin-zhong/about> (referer: http://www.zhihu.com/lookup/class/19551077)
2014-12-10 16:18:15+0800 [zhihu_user] DEBUG: Crawled (200) <GET http://www.zhihu.com/people/yinshoufu/about> (referer: http://www.zhihu.com/lookup/class/19551077)
2014-12-10 16:18:15+0800 [zhihu_user] DEBUG: Crawled (200) <GET http://www.zhihu.com/people/rouni/about> (referer: http://www.zhihu.com/lookup/class/19609455)
2014-12-10 16:18:15+0800 [zhihu_user] DEBUG: Crawled (200) <GET http://www.zhihu.com/people/fearless/about> (referer: http://www.zhihu.com/lookup/class/19551388)
2014-12-10 16:18:15+0800 [zhihu_user] DEBUG: Crawled (200) <GET http://www.zhihu.com/lookup/class/19551404> (referer: http://www.zhihu.com/lookup/class/)
2014-12-10 16:18:15+0800 [zhihu_user] DEBUG: Crawled (200) <GET http://www.zhihu.com/people/gao-yuan/about> (referer: http://www.zhihu.com/lookup/class/19551388)
2014-12-10 16:18:16+0800 [zhihu_user] DEBUG: Crawled (200) <GET http://www.zhihu.com/people/tassandar/about> (referer: http://www.zhihu.com/lookup/class/19609455)
2014-12-10 16:18:16+0800 [zhihu_user] DEBUG: Crawled (200) <GET http://www.zhihu.com/people/bili_bili/about> (referer: http://www.zhihu.com/lookup/class/19609455)
2014-12-10 16:18:16+0800 [zhihu_user] DEBUG: Crawled (200) <GET http://www.zhihu.com/people/magicying/about> (referer: http://www.zhihu.com/lookup/class/19550453)
2014-12-10 16:18:16+0800 [zhihu_user] DEBUG: Crawled (200) <GET http://www.zhihu.com/people/amonjok/about> (referer: http://www.zhihu.com/lookup/class/19551388)
2014-12-10 16:18:16+0800 [zhihu_user] DEBUG: Crawled (200) <GET http://www.zhihu.com/people/lynnhu/about> (referer: http://www.zhihu.com/lookup/class/19551556)
2014-12-10 16:18:16+0800 [zhihu_user] DEBUG: Crawled (200) <GET http://www.zhihu.com/people/OursLeya/about> (referer: http://www.zhihu.com/lookup/class/19551556)
2014-12-10 16:18:16+0800 [zhihu_user] DEBUG: Crawled (200) <GET http://www.zhihu.com/people/she-zai-zu-yi/about> (referer: http://www.zhihu.com/lookup/class/19550429)
2014-12-10 16:18:16+0800 [zhihu_user] DEBUG: Crawled (200) <GET http://www.zhihu.com/people/goal_lawyer/about> (referer: http://www.zhihu.com/lookup/class/19550874)
2014-12-10 16:18:16+0800 [zhihu_user] DEBUG: Crawled (200) <GET http://www.zhihu.com/people/mo-yao-62/about> (referer: http://www.zhihu.com/lookup/class/19550429)
2014-12-10 16:18:16+0800 [zhihu_user] DEBUG: Crawled (200) <GET http://www.zhihu.com/people/lian-chen-xiao/about> (referer: http://www.zhihu.com/lookup/class/19550429)
2014-12-10 16:18:17+0800 [zhihu_user] DEBUG: Crawled (200) <GET http://www.zhihu.com/people/MrToyy/about> (referer: http://www.zhihu.com/lookup/class/19551404)
2014-12-10 16:18:17+0800 [zhihu_user] DEBUG: Crawled (200) <GET http://www.zhihu.com/people/liu-yan-nan-82/about> (referer: http://www.zhihu.com/lookup/class/19551404)
2014-12-10 16:18:17+0800 [zhihu_user] DEBUG: Crawled (200) <GET http://www.zhihu.com/people/starstarzhou/about> (referer: http://www.zhihu.com/lookup/class/19550429)
2014-12-10 16:18:17+0800 [zhihu_user] DEBUG: Crawled (200) <GET http://www.zhihu.com/people/charles-liu-50/about> (referer: http://www.zhihu.com/lookup/class/19551404)
2014-12-10 16:18:17+0800 [zhihu_user] DEBUG: Crawled (200) <GET http://www.zhihu.com/people/zhang-ji-bin/about> (referer: http://www.zhihu.com/lookup/class/19551404)
2014-12-10 16:18:17+0800 [zhihu_user] DEBUG: Crawled (200) <GET http://www.zhihu.com/people/wangyizhi/about> (referer: http://www.zhihu.com/lookup/class/19550429)
2014-12-10 16:18:17+0800 [zhihu_user] DEBUG: Crawled (200) <GET http://www.zhihu.com/people/ni-lao/about> (referer: http://www.zhihu.com/lookup/class/19551556)
2014-12-10 16:18:17+0800 [zhihu_user] DEBUG: Crawled (200) <GET http://www.zhihu.com/people/yu-yi-duo/about> (referer: http://www.zhihu.com/lookup/class/19551404)
2014-12-10 16:18:17+0800 [zhihu_user] DEBUG: Crawled (200) <GET http://www.zhihu.com/people/marcoz/about> (referer: http://www.zhihu.com/lookup/class/19551404)
2014-12-10 16:18:17+0800 [zhihu_user] DEBUG: Crawled (200) <GET http://www.zhihu.com/people/nemochuan-chang/about> (referer: http://www.zhihu.com/lookup/class/19550429)
2014-12-10 16:18:17+0800 [zhihu_user] DEBUG: Crawled (200) <GET http://www.zhihu.com/people/papersushi/about> (referer: http://www.zhihu.com/lookup/class/19551388)
2014-12-10 16:18:17+0800 [zhihu_user] DEBUG: Crawled (200) <GET http://www.zhihu.com/people/wang-wei-63/about> (referer: http://www.zhihu.com/lookup/class/19551404)
2014-12-10 16:18:18+0800 [zhihu_user] DEBUG: Crawled (200) <GET http://www.zhihu.com/people/cyberknight/about> (referer: http://www.zhihu.com/lookup/class/19550429)
2014-12-10 16:18:18+0800 [zhihu_user] DEBUG: Crawled (200) <GET http://www.zhihu.com/people/jin-guo-dong-45/about> (referer: http://www.zhihu.com/lookup/class/19550429)
2014-12-10 16:18:18+0800 [zhihu_user] DEBUG: Crawled (200) <GET http://www.zhihu.com/people/saintmz/about> (referer: http://www.zhihu.com/lookup/class/19550429)
2014-12-10 16:18:18+0800 [zhihu_user] DEBUG: Crawled (200) <GET http://www.zhihu.com/people/yang-yang-4-75/about> (referer: http://www.zhihu.com/lookup/class/19551404)
2014-12-10 16:18:18+0800 [zhihu_user] DEBUG: Crawled (200) <GET http://www.zhihu.com/people/chou-wan-yi/about> (referer: http://www.zhihu.com/lookup/class/19550429)
2014-12-10 16:18:18+0800 [zhihu_user] DEBUG: Crawled (200) <GET http://www.zhihu.com/people/xuxing/about> (referer: http://www.zhihu.com/lookup/class/19551556)
2014-12-10 16:18:18+0800 [zhihu_user] DEBUG: Crawled (200) <GET http://www.zhihu.com/people/sydneycarton/about> (referer: http://www.zhihu.com/lookup/class/19550429)
2014-12-10 16:18:18+0800 [zhihu_user] DEBUG: Crawled (200) <GET http://www.zhihu.com/people/fanquanquan/about> (referer: http://www.zhihu.com/lookup/class/19551556)
2014-12-10 16:18:18+0800 [zhihu_user] DEBUG: Crawled (200) <GET http://www.zhihu.com/people/tuo-la-ji/about> (referer: http://www.zhihu.com/lookup/class/19550429)
2014-12-10 16:18:18+0800 [zhihu_user] DEBUG: Crawled (200) <GET http://www.zhihu.com/people/huang-pu-lin/about> (referer: http://www.zhihu.com/lookup/class/19550874)
2014-12-10 16:18:18+0800 [zhihu_user] DEBUG: Crawled (200) <GET http://www.zhihu.com/people/leng-yan-26/about> (referer: http://www.zhihu.com/lookup/class/19550874)
2014-12-10 16:18:18+0800 [zhihu_user] DEBUG: Crawled (200) <GET http://www.zhihu.com/people/yuan-bing-tao/about> (referer: http://www.zhihu.com/lookup/class/19550429)
2014-12-10 16:18:18+0800 [zhihu_user] DEBUG: Crawled (200) <GET http://www.zhihu.com/people/weixinsam/about> (referer: http://www.zhihu.com/lookup/class/19550874)
2014-12-10 16:18:19+0800 [zhihu_user] DEBUG: Crawled (200) <GET http://www.zhihu.com/people/da-joy/about> (referer: http://www.zhihu.com/lookup/class/19551556)
2014-12-10 16:18:19+0800 [zhihu_user] DEBUG: Crawled (200) <GET http://www.zhihu.com/people/daguo/about> (referer: http://www.zhihu.com/lookup/class/19550453)
2014-12-10 16:18:19+0800 [zhihu_user] DEBUG: Crawled (200) <GET http://www.zhihu.com/people/milkr/about> (referer: http://www.zhihu.com/lookup/class/19550453)
2014-12-10 16:18:19+0800 [zhihu_user] DEBUG: Crawled (200) <GET http://www.zhihu.com/people/xiang-jin/about> (referer: http://www.zhihu.com/lookup/class/19550874)
2014-12-10 16:18:19+0800 [zhihu_user] DEBUG: Crawled (200) <GET http://www.zhihu.com/people/knightshady/about> (referer: http://www.zhihu.com/lookup/class/19550429)
2014-12-10 16:18:19+0800 [zhihu_user] DEBUG: Crawled (200) <GET http://www.zhihu.com/people/imusiq/about> (referer: http://www.zhihu.com/lookup/class/19550453)
2014-12-10 16:18:19+0800 [zhihu_user] DEBUG: Crawled (200) <GET http://www.zhihu.com/people/jiazhengjing/about> (referer: http://www.zhihu.com/lookup/class/19550453)
2014-12-10 16:18:19+0800 [zhihu_user] DEBUG: Crawled (200) <GET http://www.zhihu.com/people/lengjueye/about> (referer: http://www.zhihu.com/lookup/class/19550453)
2014-12-10 16:18:19+0800 [zhihu_user] DEBUG: Crawled (200) <GET http://www.zhihu.com/people/brianz/about> (referer: http://www.zhihu.com/lookup/class/19551556)
2014-12-10 16:18:19+0800 [zhihu_user] DEBUG: Crawled (200) <GET http://www.zhihu.com/people/briansun/about> (referer: http://www.zhihu.com/lookup/class/19550453)
2014-12-10 16:18:19+0800 [zhihu_user] DEBUG: Crawled (200) <GET http://www.zhihu.com/people/unseendesire/about> (referer: http://www.zhihu.com/lookup/class/19551388)
2014-12-10 16:18:19+0800 [zhihu_user] DEBUG: Crawled (200) <GET http://www.zhihu.com/people/nancy-51/about> (referer: http://www.zhihu.com/lookup/class/19551388)
2014-12-10 16:18:19+0800 [zhihu_user] DEBUG: Crawled (200) <GET http://www.zhihu.com/people/niu-zi-jian/about> (referer: http://www.zhihu.com/lookup/class/19550453)
2014-12-10 16:18:19+0800 [zhihu_user] DEBUG: Crawled (200) <GET http://www.zhihu.com/people/DKinBJ/about> (referer: http://www.zhihu.com/lookup/class/19550453)
2014-12-10 16:18:19+0800 [zhihu_user] DEBUG: Crawled (200) <GET http://www.zhihu.com/people/zhuyinghao/about> (referer: http://www.zhihu.com/lookup/class/19551388)
2014-12-10 16:18:19+0800 [zhihu_user] DEBUG: Crawled (200) <GET http://www.zhihu.com/people/jasonyan/about> (referer: http://www.zhihu.com/lookup/class/19551388)
2014-12-10 16:18:19+0800 [zhihu_user] DEBUG: Crawled (200) <GET http://www.zhihu.com/people/kan-ou-li/about> (referer: http://www.zhihu.com/lookup/class/19550453)
2014-12-10 16:18:19+0800 [zhihu_user] DEBUG: Crawled (200) <GET http://www.zhihu.com/people/malance1019/about> (referer: http://www.zhihu.com/lookup/class/19550453)
2014-12-10 16:18:20+0800 [zhihu_user] DEBUG: Crawled (200) <GET http://www.zhihu.com/people/nainiulin/about> (referer: http://www.zhihu.com/lookup/class/19551388)
2014-12-10 16:18:20+0800 [zhihu_user] DEBUG: Crawled (200) <GET http://www.zhihu.com/people/wellboz/about> (referer: http://www.zhihu.com/lookup/class/19551388)
2014-12-10 16:18:20+0800 [zhihu_user] DEBUG: Crawled (200) <GET http://www.zhihu.com/people/alucard/about> (referer: http://www.zhihu.com/lookup/class/19550453)
2014-12-10 16:18:20+0800 [zhihu_user] DEBUG: Crawled (200) <GET http://www.zhihu.com/people/li-teng-13/about> (referer: http://www.zhihu.com/lookup/class/19609455)
2014-12-10 16:18:20+0800 [zhihu_user] DEBUG: Crawled (200) <GET http://www.zhihu.com/people/wang-duan-duan/about> (referer: http://www.zhihu.com/lookup/class/19609455)
2014-12-10 16:18:20+0800 [zhihu_user] DEBUG: Crawled (200) <GET http://www.zhihu.com/people/wu-wei-45/about> (referer: http://www.zhihu.com/lookup/class/19551388)
2014-12-10 16:18:20+0800 [zhihu_user] DEBUG: Crawled (200) <GET http://www.zhihu.com/people/nan-qu-xiong-mao/about> (referer: http://www.zhihu.com/lookup/class/19609455)
2014-12-10 16:18:20+0800 [zhihu_user] DEBUG: Crawled (200) <GET http://www.zhihu.com/people/wang-chao-10-28/about> (referer: http://www.zhihu.com/lookup/class/19609455)
2014-12-10 16:18:20+0800 [zhihu_user] DEBUG: Crawled (200) <GET http://www.zhihu.com/people/philippes/about> (referer: http://www.zhihu.com/lookup/class/19609455)
2014-12-10 16:18:20+0800 [zhihu_user] DEBUG: Crawled (200) <GET http://www.zhihu.com/people/dai_bin/about> (referer: http://www.zhihu.com/lookup/class/19609455)
2014-12-10 16:18:20+0800 [zhihu_user] DEBUG: Crawled (200) <GET http://www.zhihu.com/people/tuye1234/about> (referer: http://www.zhihu.com/lookup/class/19609455)
2014-12-10 16:18:20+0800 [zhihu_user] DEBUG: Crawled (200) <GET http://www.zhihu.com/people/steven-li-96/about> (referer: http://www.zhihu.com/lookup/class/19609455)
2014-12-10 16:18:20+0800 [zhihu_user] DEBUG: Crawled (200) <GET http://www.zhihu.com/people/weilinwang/about> (referer: http://www.zhihu.com/lookup/class/19551388)
2014-12-10 16:18:20+0800 [zhihu_user] DEBUG: Crawled (200) <GET http://www.zhihu.com/people/sky-86-5/about> (referer: http://www.zhihu.com/lookup/class/19609455)
2014-12-10 16:18:21+0800 [zhihu_user] DEBUG: Crawled (200) <GET http://www.zhihu.com/people/Changmingwei/about> (referer: http://www.zhihu.com/lookup/class/19609455)
2014-12-10 16:18:21+0800 [zhihu_user] DEBUG: Crawled (200) <GET http://www.zhihu.com/people/miranda-ling/about> (referer: http://www.zhihu.com/lookup/class/19609455)
2014-12-10 16:18:24+0800 [zhihu_user] DEBUG: Crawled (200) <GET http://www.zhihu.com/people/yang-ying-feng-7/about> (referer: http://www.zhihu.com/lookup/class/19609455)
2014-12-10 16:18:24+0800 [zhihu_user] INFO: Closing spider (finished)
2014-12-10 16:18:24+0800 [zhihu_user] INFO: Dumping Scrapy stats:
	{'downloader/request_bytes': 138861,
	 'downloader/request_count': 263,
	 'downloader/request_method_count/GET': 262,
	 'downloader/request_method_count/POST': 1,
	 'downloader/response_bytes': 2025510,
	 'downloader/response_count': 263,
	 'downloader/response_status_count/200': 262,
	 'downloader/response_status_count/302': 1,
	 'dupefilter/filtered': 1282,
	 'finish_reason': 'finished',
	 'finish_time': datetime.datetime(2014, 12, 10, 8, 18, 24, 437228),
	 'log_count/DEBUG': 266,
	 'log_count/INFO': 7,
	 'request_depth_max': 4,
	 'response_received_count': 262,
	 'scheduler/dequeued': 263,
	 'scheduler/dequeued/memory': 263,
	 'scheduler/enqueued': 263,
	 'scheduler/enqueued/memory': 263,
	 'start_time': datetime.datetime(2014, 12, 10, 8, 17, 55, 311452)}
2014-12-10 16:18:24+0800 [zhihu_user] INFO: Spider closed (finished)
